2024/06/18 16:44:23 [error] 9568#8616: *1 CreateFile() "D:\Nginx\nginx-1.26.1/html/favicon.ico" failed (2: The system cannot find the file specified), client: 127.0.0.1, server: localhost, request: "GET /favicon.ico HTTP/1.1", host: "localhost", referrer: "http://localhost/"
2024/06/18 16:46:37 [notice] 9820#2236: signal process started
2024/06/18 16:56:30 [notice] 7160#8580: signal process started
2024/06/18 19:39:10 [notice] 8388#12524: signal process started
2024/06/18 19:43:01 [notice] 8468#2884: signal process started
2024/06/18 19:51:12 [error] 3708#9876: *1 connect() failed (10061: No connection could be made because the target machine actively refused it) while connecting to upstream, client: 127.0.0.1, server: localhost, request: "GET / HTTP/1.1", upstream: "http://[::1]:8080/", host: "localhost"
2024/06/18 19:51:14 [error] 3708#9876: *1 connect() failed (10061: No connection could be made because the target machine actively refused it) while connecting to upstream, client: 127.0.0.1, server: localhost, request: "GET / HTTP/1.1", upstream: "http://127.0.0.1:8080/", host: "localhost"
2024/06/18 19:57:46 [notice] 5184#8612: signal process started
2024/06/18 19:59:14 [error] 11412#10828: *1 CreateFile() "D:\Nginx\nginx-1.26.1/html/rc01/rrss" failed (3: The system cannot find the path specified), client: 127.0.0.1, server: localhost, request: "GET /rc01/rrss HTTP/1.1", host: "localhost"
2024/06/18 20:00:36 [notice] 4084#12944: signal process started
2024/06/18 20:01:22 [notice] 11752#7596: signal process started
2024/06/18 20:01:46 [notice] 12772#8700: signal process started
2024/06/18 20:01:46 [error] 12772#8700: CreateFile() "D:\Nginx\nginx-1.26.1/logs/nginx.pid" failed (2: The system cannot find the file specified)
2024/06/18 20:03:57 [notice] 7004#6648: signal process started
2024/06/19 11:51:26 [notice] 888#3580: signal process started
2024/06/19 14:14:18 [emerg] 12640#9012: CreateDirectory() "D:\Nginx
ginx-1.26.1\path\cache" failed (123: The filename, directory name, or volume label syntax is incorrect)
2024/06/19 14:15:18 [emerg] 9408#4752: CreateDirectory() "D:\Nginx
ginx-1.26.1\path\cache" failed (123: The filename, directory name, or volume label syntax is incorrect)
2024/06/19 14:18:35 [emerg] 7488#6856: CreateDirectory() "D:\Nginx
ginx-1.26.1/path/cache" failed (123: The filename, directory name, or volume label syntax is incorrect)
2024/06/19 14:19:19 [emerg] 7564#4468: CreateDirectory() "D:\Nginx
ginx-1.26.1\path\cache" failed (123: The filename, directory name, or volume label syntax is incorrect)
2024/06/19 14:32:11 [notice] 6600#11044: signal process started
2024/06/19 14:38:36 [notice] 5068#6404: signal process started
2024/06/19 16:44:34 [emerg] 10352#12976: CreateDirectory() "D:/path/cache" failed (3: The system cannot find the path specified)
2024/06/19 16:46:19 [emerg] 3456#5212: CreateDirectory() "D:\Nginx\nginx-1.26.1/Nginx/nginx-1.26.1/path/cache" failed (3: The system cannot find the path specified)
2024/06/19 16:47:58 [emerg] 5352#980: CreateDirectory() "D:\Nginx\nginx-1.26.1/Nginx/nginx-1.26.1/path/cache" failed (3: The system cannot find the path specified)
2024/06/19 16:48:36 [emerg] 1020#7608: CreateDirectory() "D:/path/cache" failed (3: The system cannot find the path specified)
2024/06/19 16:49:08 [emerg] 9016#1136: CreateDirectory() "D:\Nginx\nginx-1.26.1/Nginx/nginx-1.26.1/path/cache" failed (3: The system cannot find the path specified)
2024/06/19 17:00:44 [notice] 13072#2396: signal process started
2024/06/19 17:10:13 [notice] 6856#3676: signal process started
2024/06/19 17:14:17 [notice] 7956#7192: signal process started
2024/06/19 18:23:20 [emerg] 11832#8316: CreateDirectory() "D:/data/nginx/cache" failed (3: The system cannot find the path specified)
2024/06/19 18:48:54 [notice] 11056#5136: signal process started
2024/06/19 18:57:28 [notice] 7808#7364: signal process started
2024/06/19 18:57:28 [error] 7808#7364: OpenEvent("Global\ngx_quit_7492") failed (5: Access is denied)
2024/06/19 18:57:36 [notice] 13220#11664: signal process started
2024/06/19 18:57:36 [error] 13220#11664: OpenEvent("Global\ngx_quit_7492") failed (5: Access is denied)
2024/06/19 19:04:43 [notice] 9500#2036: signal process started
2024/06/19 19:16:09 [notice] 10164#12460: signal process started
2024/06/19 19:21:22 [notice] 6620#10888: signal process started
2024/06/19 19:37:26 [notice] 1184#11548: signal process started
2024/06/19 19:44:04 [emerg] 4944#13220: "proxy_cache" zone "mycache" is unknown in D:\Nginx\nginx-1.26.1/conf/nginx.conf:141
2024/06/19 19:44:34 [emerg] 9528#9352: "proxy_cache" zone "mycache" is unknown in D:\Nginx\nginx-1.26.1/conf/nginx.conf:141
2024/06/19 19:44:34 [alert] 10988#7552: worker process 9528 exited with code 1
2024/06/19 19:44:34 [alert] 10988#7552: could not respawn worker
2024/06/19 19:44:56 [emerg] 8184#11764: "proxy_cache" zone "mycache" is unknown in D:\Nginx\nginx-1.26.1/conf/nginx.conf:141
2024/06/19 19:55:40 [notice] 9752#12040: signal process started
2024/06/19 20:03:06 [notice] 9924#3328: signal process started
2024/06/19 20:15:53 [notice] 8624#2544: signal process started
2024/06/19 20:18:20 [notice] 4016#1956: signal process started
2024/06/19 20:26:45 [notice] 11048#9596: signal process started
2024/06/20 13:48:47 [notice] 740#11084: signal process started
2024/06/20 13:56:50 [notice] 11200#6948: signal process started
2024/06/20 14:04:43 [notice] 9244#2684: signal process started
2024/06/20 14:06:53 [notice] 9380#12428: signal process started
